[    0.000000] Linux version 4.15.0-135-generic (buildd@lgw01-amd64-005) (gcc version 7.5.0 (Ubuntu 7.5.0-3ubuntu1~18.04)) #139-Ubuntu SMP Mon Jan 18 17:38:24 UTC 2021 (Ubuntu 4.15.0-135.139-generic 4.15.18)
[    0.000000] Command line: BOOT_IMAGE=/boot/vmlinuz-4.15.0-135-generic root=LABEL=cloudimg-rootfs ro console=tty1 console=ttyS0
[    0.000000] KERNEL supported cpus:
[    0.000000]   Intel GenuineIntel
[    0.000000]   AMD AuthenticAMD
[    0.000000]   Centaur CentaurHauls
[    0.000000] x86/fpu: x87 FPU will use FXSAVE
[    0.000000] e820: BIOS-provided physical RAM map:
[    0.000000] BIOS-e820: [mem 0x0000000000000000-0x000000000009fbff] usable
[    0.000000] BIOS-e820: [mem 0x000000000009fc00-0x000000000009ffff] reserved
[    0.000000] BIOS-e820: [mem 0x00000000000f0000-0x00000000000fffff] reserved
[    0.000000] BIOS-e820: [mem 0x0000000000100000-0x000000007ffeffff] usable
[    0.000000] BIOS-e820: [mem 0x000000007fff0000-0x000000007fffffff] ACPI data
[    0.000000] BIOS-e820: [mem 0x00000000fec00000-0x00000000fec00fff] reserved
[    0.000000] BIOS-e820: [mem 0x00000000fee00000-0x00000000fee00fff] reserved
[    0.000000] BIOS-e820: [mem 0x00000000fffc0000-0x00000000ffffffff] reserved
[    0.000000] NX (Execute Disable) protection: active
[    0.000000] SMBIOS 2.5 present.
[    0.000000] DMI: innotek GmbH VirtualBox/VirtualBox, BIOS VirtualBox 12/01/2006
[    0.000000] Hypervisor detected: KVM
[    0.000000] e820: last_pfn = 0x7fff0 max_arch_pfn = 0x400000000
[    0.000000] MTRR: Disabled
[    0.000000] x86/PAT: MTRRs disabled, skipping PAT initialization too.
[    0.000000] CPU MTRRs all blank - virtualized system.
[    0.000000] x86/PAT: Configuration [0-7]: WB  WT  UC- UC  WB  WT  UC- UC  
[    0.000000] found SMP MP-table at [mem 0x0009fff0-0x0009ffff]
[    0.000000] Scanning 1 areas for low memory corruption
[    0.000000] RAMDISK: [mem 0x35a63000-0x36d28fff]
[    0.000000] ACPI: Early table checksum verification disabled
[    0.000000] ACPI: RSDP 0x00000000000E0000 000024 (v02 VBOX  )
[    0.000000] ACPI: XSDT 0x000000007FFF0030 00003C (v01 VBOX   VBOXXSDT 00000001 ASL  00000061)
[    0.000000] ACPI: FACP 0x000000007FFF00F0 0000F4 (v04 VBOX   VBOXFACP 00000001 ASL  00000061)
[    0.000000] ACPI: DSDT 0x000000007FFF0470 002325 (v02 VBOX   VBOXBIOS 00000002 INTL 20100528)
[    0.000000] ACPI: FACS 0x000000007FFF0200 000040
[    0.000000] ACPI: FACS 0x000000007FFF0200 000040
[    0.000000] ACPI: APIC 0x000000007FFF0240 00005C (v02 VBOX   VBOXAPIC 00000001 ASL  00000061)
[    0.000000] ACPI: SSDT 0x000000007FFF02A0 0001CC (v01 VBOX   VBOXCPUT 00000002 INTL 20100528)
[    0.000000] No NUMA configuration found
[    0.000000] Faking a node at [mem 0x0000000000000000-0x000000007ffeffff]
[    0.000000] NODE_DATA(0) allocated [mem 0x7ffc5000-0x7ffeffff]
[    0.000000] kvm-clock: cpu 0, msr 0:7ff44001, primary cpu clock
[    0.000000] kvm-clock: Using msrs 4b564d01 and 4b564d00
[    0.000000] kvm-clock: using sched offset of 8433424021 cycles
[    0.000000] clocksource: kvm-clock: mask: 0xffffffffffffffff max_cycles: 0x1cd42e4dffb, max_idle_ns: 881590591483 ns
[    0.000000] Zone ranges:
[    0.000000]   DMA      [mem 0x0000000000001000-0x0000000000ffffff]
[    0.000000]   DMA32    [mem 0x0000000001000000-0x000000007ffeffff]
[    0.000000]   Normal   empty
[    0.000000]   Device   empty
[    0.000000] Movable zone start for each node
[    0.000000] Early memory node ranges
[    0.000000]   node   0: [mem 0x0000000000001000-0x000000000009efff]
[    0.000000]   node   0: [mem 0x0000000000100000-0x000000007ffeffff]
[    0.000000] Reserved but unavailable: 98 pages
[    0.000000] Initmem setup node 0 [mem 0x0000000000001000-0x000000007ffeffff]
[    0.000000] ACPI: PM-Timer IO Port: 0x4008
[    0.000000] IOAPIC[0]: apic_id 2, version 32, address 0xfec00000, GSI 0-23
[    0.000000] ACPI: INT_SRC_OVR (bus 0 bus_irq 0 global_irq 2 dfl dfl)
[    0.000000] ACPI: INT_SRC_OVR (bus 0 bus_irq 9 global_irq 9 low level)
[    0.000000] Using ACPI (MADT) for SMP configuration information
[    0.000000] smpboot: Allowing 2 CPUs, 0 hotplug CPUs
[    0.000000] PM: Registered nosave memory: [mem 0x00000000-0x00000fff]
[    0.000000] PM: Registered nosave memory: [mem 0x0009f000-0x0009ffff]
[    0.000000] PM: Registered nosave memory: [mem 0x000a0000-0x000effff]
[    0.000000] PM: Registered nosave memory: [mem 0x000f0000-0x000fffff]
[    0.000000] e820: [mem 0x80000000-0xfebfffff] available for PCI devices
[    0.000000] Booting paravirtualized kernel on KVM
[    0.000000] clocksource: refined-jiffies: mask: 0xffffffff max_cycles: 0xffffffff, max_idle_ns: 7645519600211568 ns
[    0.000000] random: get_random_bytes called from start_kernel+0x99/0x500 with crng_init=0
[    0.000000] setup_percpu: NR_CPUS:8192 nr_cpumask_bits:2 nr_cpu_ids:2 nr_node_ids:1
[    0.000000] percpu: Embedded 45 pages/cpu s147456 r8192 d28672 u1048576
[    0.000000] PV qspinlock hash table entries: 256 (order: 0, 4096 bytes)
[    0.000000] Built 1 zonelists, mobility grouping on.  Total pages: 515961
[    0.000000] Policy zone: DMA32
[    0.000000] Kernel command line: BOOT_IMAGE=/boot/vmlinuz-4.15.0-135-generic root=LABEL=cloudimg-rootfs ro console=tty1 console=ttyS0
[    0.000000] Memory: 2015212K/2096696K available (12300K kernel code, 2482K rwdata, 4276K rodata, 2440K init, 2724K bss, 81484K reserved, 0K cma-reserved)
[    0.000000] SLUB: HWalign=64, Order=0-3, MinObjects=0, CPUs=2, Nodes=1
[    0.000000] Kernel/User page tables isolation: enabled
[    0.000000] ftrace: allocating 39422 entries in 154 pages
[    0.004000] Hierarchical RCU implementation.
[    0.004000] 	RCU restricting CPUs from NR_CPUS=8192 to nr_cpu_ids=2.
[    0.004000] 	Tasks RCU enabled.
[    0.004000] RCU: Adjusting geometry for rcu_fanout_leaf=16, nr_cpu_ids=2
[    0.004000] NR_IRQS: 524544, nr_irqs: 440, preallocated irqs: 16
[    0.004000] Console: colour VGA+ 80x25
[    0.004000] console [tty1] enabled
[    0.004000] console [ttyS0] enabled
[    0.004000] ACPI: Core revision 20170831
[    0.004000] ACPI: 2 ACPI AML tables successfully acquired and loaded
[    0.004000] APIC: Switch to symmetric I/O mode setup
[    0.008000] ..TIMER: vector=0x30 apic1=0 pin1=2 apic2=-1 pin2=-1
[    0.008007] tsc: Detected 2208.014 MHz processor
[    0.012021] Calibrating delay loop (skipped) preset value.. 4416.02 BogoMIPS (lpj=8832056)
[    0.016007] pid_max: default: 32768 minimum: 301
[    0.020166] Security Framework initialized
[    0.024007] Yama: becoming mindful.
[    0.028225] AppArmor: AppArmor initialized
[    0.063026] Dentry cache hash table entries: 262144 (order: 9, 2097152 bytes)
[    0.085089] Inode-cache hash table entries: 131072 (order: 8, 1048576 bytes)
[    0.088378] Mount-cache hash table entries: 4096 (order: 3, 32768 bytes)
[    0.092123] Mountpoint-cache hash table entries: 4096 (order: 3, 32768 bytes)
[    0.100245] Last level iTLB entries: 4KB 64, 2MB 8, 4MB 8
[    0.104007] Last level dTLB entries: 4KB 64, 2MB 0, 4MB 0, 1GB 4
[    0.108009] Spectre V1 : Mitigation: usercopy/swapgs barriers and __user pointer sanitization
[    0.112007] Spectre V2 : Mitigation: Full generic retpoline
[    0.116006] Spectre V2 : Spectre v2 / SpectreRSB mitigation: Filling RSB on context switch
[    0.120006] Speculative Store Bypass: Vulnerable
[    0.124098] MDS: Mitigation: Clear CPU buffers
[    0.128358] Freeing SMP alternatives memory: 36K
[    0.251390] smpboot: CPU0: Intel(R) Core(TM) i7-8750H CPU @ 2.20GHz (family: 0x6, model: 0x9e, stepping: 0xa)
[    0.253143] Performance Events: unsupported p6 CPU model 158 no PMU driver, software events only.
[    0.256254] Hierarchical SRCU implementation.
[    0.262393] NMI watchdog: Perf event create on CPU 0 failed with -2
[    0.264006] NMI watchdog: Perf NMI watchdog permanently disabled
[    0.272640] smp: Bringing up secondary CPUs ...
[    0.278754] x86: Booting SMP configuration:
[    0.280007] .... node  #0, CPUs:      #1
[    0.004000] kvm-clock: cpu 1, msr 0:7ff44041, secondary cpu clock
[    0.296000] TSC synchronization [CPU#0 -> CPU#1]:
[    0.296000] Measured 130109 cycles TSC warp between CPUs, turning off TSC clock.
[    0.296000] tsc: Marking TSC unstable due to check_tsc_sync_source failed
[    0.300909] smp: Brought up 1 node, 2 CPUs
[    0.304045] smpboot: Max logical packages: 1
[    0.308003] smpboot: Total of 2 processors activated (8832.05 BogoMIPS)
[    0.320502] devtmpfs: initialized
[    0.328237] x86/mm: Memory block size: 128MB
[    0.334093] evm: security.selinux
[    0.336007] evm: security.SMACK64
[    0.340007] evm: security.SMACK64EXEC
[    0.344009] evm: security.SMACK64TRANSMUTE
[    0.352014] evm: security.SMACK64MMAP
[    0.356012] evm: security.apparmor
[    0.360007] evm: security.ima
[    0.364007] evm: security.capability
[    0.376259] clocksource: jiffies: mask: 0xffffffff max_cycles: 0xffffffff, max_idle_ns: 7645041785100000 ns
[    0.400033] futex hash table entries: 512 (order: 3, 32768 bytes)
[    0.417024] pinctrl core: initialized pinctrl subsystem
[    0.436007] RTC time:  6:01:59, date: 04/12/21
[    0.452609] NET: Registered protocol family 16
[    0.464628] audit: initializing netlink subsys (disabled)
[    0.480930] audit: type=2000 audit(1618207328.032:1): state=initialized audit_enabled=0 res=1
[    0.500032] cpuidle: using governor ladder
[    0.516029] cpuidle: using governor menu
[    0.520028] ACPI: bus type PCI registered
[    0.528011] acpiphp: ACPI Hot Plug PCI Controller Driver version: 0.5
[    0.548712] PCI: Using configuration type 1 for base access
[    0.572280] HugeTLB registered 2.00 MiB page size, pre-allocated 0 pages
[    0.588277] ACPI: Added _OSI(Module Device)
[    0.596109] ACPI: Added _OSI(Processor Device)
[    0.600011] ACPI: Added _OSI(3.0 _SCP Extensions)
[    0.608005] ACPI: Added _OSI(Processor Aggregator Device)
[    0.616007] ACPI: Added _OSI(Linux-Dell-Video)
[    0.620006] ACPI: Added _OSI(Linux-Lenovo-NV-HDMI-Audio)
[    0.628006] ACPI: Added _OSI(Linux-HPI-Hybrid-Graphics)
[    0.637375] ACPI: Executed 1 blocks of module-level executable AML code
[    0.654262] ACPI: Interpreter enabled
[    0.660013] ACPI: (supports S0 S5)
[    0.664009] ACPI: Using IOAPIC for interrupt routing
[    0.668514] PCI: Using host bridge windows from ACPI; if necessary, use "pci=nocrs" and report a bug
[    0.688806] ACPI: Enabled 2 GPEs in block 00 to 07
[    0.725256] ACPI: PCI Root Bridge [PCI0] (domain 0000 [bus 00-ff])
[    0.744020] acpi PNP0A03:00: _OSC: OS supports [ASPM ClockPM Segments MSI]
[    0.762152] acpi PNP0A03:00: _OSC: not requesting OS control; OS requires [ExtendedConfig ASPM ClockPM MSI]
[    0.780045] acpi PNP0A03:00: fail to add MMCONFIG information, can't access extended PCI configuration space under this bridge.
[    0.809081] PCI host bridge to bus 0000:00
[    0.824015] pci_bus 0000:00: root bus resource [io  0x0000-0x0cf7 window]
[    0.844015] pci_bus 0000:00: root bus resource [io  0x0d00-0xffff window]
[    0.864015] pci_bus 0000:00: root bus resource [mem 0x000a0000-0x000bffff window]
[    0.884019] pci_bus 0000:00: root bus resource [mem 0x80000000-0xfdffffff window]
[    0.900019] pci_bus 0000:00: root bus resource [bus 00-ff]
[    0.936238] pci 0000:00:01.1: legacy IDE quirk: reg 0x10: [io  0x01f0-0x01f7]
[    0.948004] pci 0000:00:01.1: legacy IDE quirk: reg 0x14: [io  0x03f6]
[    0.960010] pci 0000:00:01.1: legacy IDE quirk: reg 0x18: [io  0x0170-0x0177]
[    0.972010] pci 0000:00:01.1: legacy IDE quirk: reg 0x1c: [io  0x0376]
[    1.072010] pci 0000:00:07.0: quirk: [io  0x4000-0x403f] claimed by PIIX4 ACPI
[    1.104069] pci 0000:00:07.0: quirk: [io  0x4100-0x410f] claimed by PIIX4 SMB
[    1.160779] ACPI: PCI Interrupt Link [LNKA] (IRQs 5 9 10 *11)
[    1.192192] ACPI: PCI Interrupt Link [LNKB] (IRQs 5 9 *10 11)
[    1.224506] ACPI: PCI Interrupt Link [LNKC] (IRQs 5 *9 10 11)
[    1.264189] ACPI: PCI Interrupt Link [LNKD] (IRQs 5 9 10 *11)
[    1.300948] SCSI subsystem initialized
[    1.324575] pci 0000:00:02.0: vgaarb: setting as boot VGA device
[    1.328000] pci 0000:00:02.0: vgaarb: VGA device added: decodes=io+mem,owns=io+mem,locks=none
[    1.396013] pci 0000:00:02.0: vgaarb: bridge control possible
[    1.428011] vgaarb: loaded
[    1.448147] ACPI: bus type USB registered
[    1.464047] usbcore: registered new interface driver usbfs
[    1.484033] usbcore: registered new interface driver hub
[    1.512261] usbcore: registered new device driver usb
[    1.532221] EDAC MC: Ver: 3.0.0
[    1.548271] PCI: Using ACPI for IRQ routing
[    1.560994] NetLabel: Initializing
[    1.576004] NetLabel:  domain hash size = 128
[    1.592006] NetLabel:  protocols = UNLABELED CIPSOv4 CALIPSO
[    1.612063] NetLabel:  unlabeled traffic allowed by default
[    1.628253] clocksource: Switched to clocksource kvm-clock
[    1.774859] VFS: Disk quotas dquot_6.6.0
[    1.782831] VFS: Dquot-cache hash table entries: 512 (order 0, 4096 bytes)
[    1.793429] AppArmor: AppArmor Filesystem Enabled
[    1.806660] pnp: PnP ACPI init
[    1.818735] pnp: PnP ACPI: found 3 devices
[    1.845181] clocksource: acpi_pm: mask: 0xffffff max_cycles: 0xffffff, max_idle_ns: 2085701024 ns
[    1.863336] NET: Registered protocol family 2
[    1.875779] TCP established hash table entries: 16384 (order: 5, 131072 bytes)
[    1.893884] TCP bind hash table entries: 16384 (order: 6, 262144 bytes)
[    1.905479] TCP: Hash tables configured (established 16384 bind 16384)
[    1.917715] UDP hash table entries: 1024 (order: 3, 32768 bytes)
[    1.929130] UDP-Lite hash table entries: 1024 (order: 3, 32768 bytes)
[    1.935155] NET: Registered protocol family 1
[    1.944437] pci 0000:00:00.0: Limiting direct PCI/PCI transfers
[    1.953478] pci 0000:00:01.0: Activating ISA DMA hang workarounds
[    1.968602] pci 0000:00:02.0: Video device with shadowed ROM at [mem 0x000c0000-0x000dffff]
[    1.989169] Unpacking initramfs...
[    3.652596] Freeing initrd memory: 19224K
[    3.670111] clocksource: tsc: mask: 0xffffffffffffffff max_cycles: 0x1fd3c537093, max_idle_ns: 440795224440 ns
[    3.692651] platform rtc_cmos: registered platform RTC device (no PNP device found)
[    3.714280] Scanning for low memory corruption every 60 seconds
[    3.731962] Initialise system trusted keyrings
[    3.743921] Key type blacklist registered
[    3.757157] workingset: timestamp_bits=36 max_order=19 bucket_order=0
[    3.783905] zbud: loaded
[    3.798255] squashfs: version 4.0 (2009/01/31) Phillip Lougher
[    3.811045] fuse init (API version 7.26)
[    3.861664] Key type asymmetric registered
[    3.866687] Asymmetric key parser 'x509' registered
[    3.873445] Block layer SCSI generic (bsg) driver version 0.4 loaded (major 246)
[    3.886163] io scheduler noop registered
[    3.890892] io scheduler deadline registered
[    3.896785] io scheduler cfq registered (default)
[    3.903309] ACPI: AC Adapter [AC] (off-line)
[    3.911139] input: Power Button as /devices/LNXSYSTM:00/LNXPWRBN:00/input/input0
[    3.921657] ACPI: Power Button [PWRF]
[    3.927988] input: Sleep Button as /devices/LNXSYSTM:00/LNXSLPBN:00/input/input1
[    3.937333] ACPI: Sleep Button [SLPF]
[    3.943706] Serial: 8250/16550 driver, 32 ports, IRQ sharing enabled
[    3.945631] ACPI: Battery Slot [BAT0] (battery present)
[    4.029243] 00:02: ttyS0 at I/O 0x3f8 (irq = 4, base_baud = 115200) is a 16550A
[    4.079501] Linux agpgart interface v0.103
[    4.120737] loop: module loaded
[    4.135728] scsi host0: ata_piix
[    4.144835] scsi host1: ata_piix
[    4.149424] ata1: PATA max UDMA/33 cmd 0x1f0 ctl 0x3f6 bmdma 0xd000 irq 14
[    4.153143] ata2: PATA max UDMA/33 cmd 0x170 ctl 0x376 bmdma 0xd008 irq 15
[    4.173478] libphy: Fixed MDIO Bus: probed
[    4.180574] tun: Universal TUN/TAP device driver, 1.6
[    4.190007] PPP generic driver version 2.4.2
[    4.203309] ehci_hcd: USB 2.0 'Enhanced' Host Controller (EHCI) Driver
[    4.215853] ehci-pci: EHCI PCI platform driver
[    4.227724] ehci-platform: EHCI generic platform driver
[    4.241106] ohci_hcd: USB 1.1 'Open' Host Controller (OHCI) Driver
[    4.256854] ohci-pci: OHCI PCI platform driver
[    4.268942] ohci-platform: OHCI generic platform driver
[    4.284384] uhci_hcd: USB Universal Host Controller Interface driver
[    4.301743] i8042: PNP: PS/2 Controller [PNP0303:PS2K,PNP0f03:PS2M] at 0x60,0x64 irq 1,12
[    4.320942] serio: i8042 KBD port at 0x60,0x64 irq 1
[    4.330505] serio: i8042 AUX port at 0x60,0x64 irq 12
[    4.462072] mousedev: PS/2 mouse device common for all mice
[    4.483432] rtc_cmos rtc_cmos: rtc core: registered rtc_cmos as rtc0
[    4.483847] input: AT Translated Set 2 keyboard as /devices/platform/i8042/serio0/input/input2
[    4.501381] rtc_cmos rtc_cmos: alarms up to one day, 114 bytes nvram
[    4.530420] i2c /dev entries driver
[    4.535597] device-mapper: uevent: version 1.0.3
[    4.544899] device-mapper: ioctl: 4.37.0-ioctl (2017-09-20) initialised: dm-devel@redhat.com
[    4.557709] ledtrig-cpu: registered to indicate activity on CPUs
[    4.583608] NET: Registered protocol family 10
[    4.619369] Segment Routing with IPv6
[    4.634821] NET: Registered protocol family 17
[    4.646300] Key type dns_resolver registered
[    4.659601] mce: Using 0 MCE banks
[    4.669912] RAS: Correctable Errors collector initialized.
[    4.682258] sched_clock: Marking stable (4682132763, 0)->(7114963386, -2432830623)
[    4.713333] registered taskstats version 1
[    4.723675] Loading compiled-in X.509 certificates
[    4.750312] Loaded X.509 cert 'Build time autogenerated kernel key: 399a566a2ea98257ce6f7132c633527e9761cd56'
[    4.764878] zswap: loaded using pool lzo/zbud
[    4.807567] Key type big_key registered
[    4.819799] Key type trusted registered
[    4.834632] Key type encrypted registered
[    4.840609] AppArmor: AppArmor sha1 policy hashing enabled
[    4.849748] ima: No TPM chip found, activating TPM-bypass! (rc=-19)
[    4.865449] ima: Allocated hash algorithm: sha1
[    4.878974] evm: HMAC attrs: 0x1
[    4.891073]   Magic number: 1:484:13
[    4.902719] rtc_cmos rtc_cmos: setting system clock to 2021-04-12 06:02:03 UTC (1618207323)
[    4.921210] BIOS EDD facility v0.16 2004-Jun-25, 0 devices found
[    4.932555] EDD information not available.
[    4.947902] Freeing unused kernel image memory: 2440K
[    4.980166] Write protecting the kernel read-only data: 20480k
[    4.989498] Freeing unused kernel image memory: 2008K
[    4.997136] Freeing unused kernel image memory: 1868K
[    5.010578] x86/mm: Checked W+X mappings: passed, no W+X pages found.
[    5.017291] x86/mm: Checking user space page tables
[    5.028067] x86/mm: Checked W+X mappings: passed, no W+X pages found.
Loading, please wait...
starting version 237
[    5.310859] e1000: Intel(R) PRO/1000 Network Driver - version 7.3.21-k8-NAPI
[    5.325247] e1000: Copyright (c) 1999-2006 Intel Corporation.
[    5.342882] Fusion MPT base driver 3.04.20
[    5.352792] Copyright (c) 1999-2008 LSI Corporation
[    5.417947] Fusion MPT SPI Host driver 3.04.20
[    5.582004] input: ImExPS/2 Generic Explorer Mouse as /devices/platform/i8042/serio1/input/input4
[    7.125195] e1000 0000:00:03.0 eth0: (PCI:33MHz:32-bit) 02:83:9b:e2:a0:bc
[    7.139917] e1000 0000:00:03.0 eth0: Intel(R) PRO/1000 Network Connection
[    7.174673] mptbase: ioc0: Initiating bringup
[    7.202454] e1000 0000:00:03.0 enp0s3: renamed from eth0
[    7.315411] ioc0: LSI53C1030 A0: Capabilities={Initiator}
[    7.634659] scsi host2: ioc0: LSI53C1030 A0, FwRev=00000000h, Ports=1, MaxQ=256, IRQ=20
[    7.830439] scsi 2:0:0:0: Direct-Access     VBOX     HARDDISK         1.0  PQ: 0 ANSI: 5
[    8.092006] scsi target2:0:0: Beginning Domain Validation
[    8.133509] random: fast init done
[    8.146704] scsi target2:0:0: Domain Validation skipping write tests
[    8.160030] scsi target2:0:0: Ending Domain Validation
[    8.172641] scsi target2:0:0: asynchronous
[    8.188673] scsi 2:0:1:0: Direct-Access     VBOX     HARDDISK         1.0  PQ: 0 ANSI: 5
[    8.530777] scsi target2:0:1: Beginning Domain Validation
[    8.563309] scsi target2:0:1: Domain Validation skipping write tests
[    8.576369] scsi target2:0:1: Ending Domain Validation
[    8.589527] scsi target2:0:1: asynchronous
[    8.631391] random: systemd-udevd: uninitialized urandom read (16 bytes read)
[    8.658541] sd 2:0:0:0: Attached scsi generic sg0 type 0
[    8.666595] sd 2:0:1:0: Attached scsi generic sg1 type 0
[    8.723717] sd 2:0:1:0: [sdb] 20480 512-byte logical blocks: (10.5 MB/10.0 MiB)
[    8.729029] random: systemd-udevd: uninitialized urandom read (16 bytes read)
[    8.743074] sd 2:0:1:0: [sdb] Write Protect is off
[    8.754382] sd 2:0:0:0: [sda] 83886080 512-byte logical blocks: (42.9 GB/40.0 GiB)
[    8.775475] random: systemd-udevd: uninitialized urandom read (16 bytes read)
[    8.776674] sd 2:0:1:0: [sdb] Incomplete mode parameter data
[    8.791163] sd 2:0:0:0: [sda] Write Protect is off
[    8.801950] sd 2:0:1:0: [sdb] Assuming drive cache: write through
[    8.823511] sd 2:0:0:0: [sda] Incomplete mode parameter data
[    8.840927] sd 2:0:0:0: [sda] Assuming drive cache: write through
[    8.866770]  sda: sda1
[    8.879449] sd 2:0:1:0: [sdb] Attached SCSI disk
[    8.899023] sd 2:0:0:0: [sda] Attached SCSI disk
Begin: Loading essential drivers ... [   13.187013] raid6: sse2x1   gen() 49007 MB/s
[   15.189122] raid6: sse2x1   xor() 83139 MB/s
[   17.190474] raid6: sse2x2   gen() 125203 MB/s
[   18.230375] raid6: sse2x2   xor()  3631 MB/s
[   18.295049] raid6: sse2x4   gen()  5178 MB/s
[   18.369398] raid6: sse2x4   xor()  4667 MB/s
[   18.382622] raid6: using algorithm sse2x2 gen() 125203 MB/s
[   18.397182] raid6: .... xor() 3631 MB/s, rmw enabled
[   18.409655] raid6: using ssse3x2 recovery algorithm
[   18.427621] xor: measuring software checksum speed
[   18.476561]    prefetch64-sse:  6038.000 MB/sec
[   18.528494]    generic_sse:  5601.000 MB/sec
[   18.539504] xor: using function: prefetch64-sse (6038.000 MB/sec)
[   18.562905] async_tx: api initialized (async)
done.
Begin: Running /scripts/init-premount ... done.
Begin: Mounting root file system ... Begin: Running /scripts/local-top ... done.
Begin: Running /scripts/local-premount ... [   18.742123] Btrfs loaded, crc32c=crc32c-intel
Scanning for Btrfs filesystems
done.
Warning: fsck not present, so skipping root file system
[   18.925143] EXT4-fs (sda1): mounted filesystem with ordered data mode. Opts: (null)
done.
Begin: Running /scripts/local-bottom ... done.
Begin: Running /scripts/init-bottom ... done.
[   19.467455] ip_tables: (C) 2000-2006 Netfilter Core Team
[   19.532197] systemd[1]: systemd 237 running in system mode. (+PAM +AUDIT +SELINUX +IMA +APPARMOR +SMACK +SYSVINIT +UTMP +LIBCRYPTSETUP +GCRYPT +GNUTLS +ACL +XZ +LZ4 +SECCOMP +BLKID +ELFUTILS +KMOD -IDN2 +IDN -PCRE2 default-hierarchy=hybrid)
[   19.573944] systemd[1]: Detected virtualization oracle.
[   19.589105] systemd[1]: Detected architecture x86-64.

Welcome to [1mUbuntu 18.04.5 LTS[0m!

[   19.723892] systemd[1]: Set hostname to <ubuntu>.
[   19.767671] systemd[1]: Initializing machine ID from random generator.
[   19.781007] systemd[1]: Installed transient /etc/machine-id file.
[   20.573190] systemd[1]: Reached target User and Group Name Lookups.
[[0;32m  OK  [0m] Reached target User and Group Name Lookups.
[   20.583536] systemd[1]: Started Forward Password Requests to Wall Directory Watch.
[[0;32m  OK  [0m] Started Forward Password Requests to Wall Directory Watch.
[   20.629446] systemd[1]: Created slice User and Session Slice.
[[0;32m  OK  [0m] Created slice User and Session Slice.
[   20.649590] systemd[1]: Reached target Swap.
[[0;32m  OK  [0m] Reached target Swap.
[[0;32m  OK  [0m] Created slice System Slice.
[[0;32m  OK  [0m] Listening on Journal Socket (/dev/log).
[[0;32m  OK  [0m] Listening on Journal Socket.
         Starting Load Kernel Modules...
         Starting Create list of required st…ce nodes for the current kernel...
[[0;32m  OK  [0m] Listening on udev Kernel Socket.
[[0;32m  OK  [0m] Listening on LVM2 poll daemon socket.
         Starting Remount Root and Kernel File Systems...
         Mounting POSIX Message Queue File System...
[[0;32m  OK  [0m] Listening on Journal Audit Socket.
         Mounting Huge Pages File System...
[   20.745992] Loading iSCSI transport class v2.0-870.
[[0;32m  OK  [0m] Listening on Network Service Netlink Socket.
[[0;32m  OK  [0m] Reached target Slices.
         Starting Set the console keyboard layout...
[[0;32m  OK  [0m] Listening on udev Control Socket.
         Starting udev Coldplug all Devices...
[[0;32m  OK  [0m] Listening on LVM2 metadata daemon socket.
[[0;32m  OK  [0m] Listening on Syslog Socket.
         Starting Journal Service...
[[0;32m  OK  [0m] Listening on Device-mapper event daemon FIFOs.
         Starting Monitoring of LVM2 mirrors…ng dmeventd or progress polling...
[   20.835949] EXT4-fs (sda1): re-mounted. Opts: (null)
         Starting Uncomplicated firewall...
[[0;32m  OK  [0m] Created slice system-serial\x2dgetty.slice.
[[0;32m  OK  [0m] Reached target System Time Synchronized.
[[0;32m  OK  [0m] Listening on /dev/initctl Compatibility Named Pipe.
         Mounting Kernel Debug File System...
[[0;32m  OK  [0m] Set up automount Arbitrary Executab…rmats File System Automount Point.
[[0;32m  OK  [0m] Started Create list of required sta…vice nodes for the current kernel.
[[0;32m  OK  [0m] Started Remount Root and Kernel File Systems.
[[0;32m  OK  [0m] Mounted POSIX Message Queue File System.
[[0;32m  OK  [0m] Mounted Huge Pages File System.
[[0;32m  OK  [0m] Mounted Kernel Debug File System.
[   20.982377] random: crng init done
[   20.987049] random: 7 urandom warning(s) missed due to ratelimiting
         Starting Load/Save Random Seed...
[   21.002096] iscsi: registered transport (tcp)
         Starting Create Static Device Nodes in /dev...
[[0;32m  OK  [0m] Started Uncomplicated firewall.
[[0;32m  OK  [0m] Started Load/Save Random Seed.
[[0;32m  OK  [0m] Started Create Static Device Nodes in /dev.
         Starting udev Kernel Device Manager...
[[0;32m  OK  [0m] Started LVM2 metadata daemon.
[[0;32m  OK  [0m] Started udev Coldplug all Devices.
[[0;32m  OK  [0m] Started Monitoring of LVM2 mirrors,…sing dmeventd or progress polling.
[[0;32m  OK  [0m] Started udev Kernel Device Manager.
[[0;32m  OK  [0m] Started Journal Service.
         Starting Flush Journal to Persistent Storage...
[   21.621268] systemd-journald[394]: Received request to flush runtime journal from PID 1
[   21.658931] iscsi: registered transport (iser)
[[0;32m  OK  [0m] Started Load Kernel Modules.
         Mounting FUSE Control File System...
         Mounting Kernel Configuration File System...
         Starting Apply Kernel Variables...
[[0;32m  OK  [0m] Started Flush Journal to Persistent Storage.
[[0;32m  OK  [0m] Mounted FUSE Control File System.
[[0;32m  OK  [0m] Mounted Kernel Configuration File System.
[[0;32m  OK  [0m] Started Apply Kernel Variables.
[[0;32m  OK  [0m] Started Set the console keyboard layout.
[[0;32m  OK  [0m] Started Dispatch Password Requests to Console Directory Watch.
[[0;32m  OK  [0m] Reached target Local Encrypted Volumes.
[[0;32m  OK  [0m] Reached target Local File Systems (Pre).
[[0;32m  OK  [0m] Reached target Local File Systems.
         Starting Create Volatile Files and Directories...
         Starting Commit a transient machine-id on disk...
         Starting ebtables ruleset management...
         Starting Tell Plymouth To Write Out Runtime Data...
         Starting Set console font and keymap...
         Starting AppArmor initialization...
[[0;32m  OK  [0m] Started Create Volatile Files and Directories.
         Starting Update UTMP about System Boot/Shutdown...
[[0;32m  OK  [0m] Started Tell Plymouth To Write Out Runtime Data.
[[0;32m  OK  [0m] Started Set console font and keymap.
[[0;32m  OK  [0m] Started Update UTMP about System Boot/Shutdown.
[[0;32m  OK  [0m] Started Commit a transient machine-id on disk.
[[0;32m  OK  [0m] Started ebtables ruleset management.
[[0;32m  OK  [0m] Found device /dev/ttyS0.
[[0;32m  OK  [0m] Listening on Load/Save RF Kill Switch Status /dev/rfkill Watch.
[[0;32m  OK  [0m] Started AppArmor initialization.
         Starting Load AppArmor profiles managed internally by snapd...
         Starting Initial cloud-init job (pre-networking)...
[[0;32m  OK  [0m] Started Load AppArmor profiles managed internally by snapd.
[   31.066502] cloud-init[566]: Cloud-init v. 20.4.1-0ubuntu1~18.04.1 running 'init-local' at Mon, 12 Apr 2021 06:02:28 +0000. Up 29.90 seconds.
[[0;32m  OK  [0m] Started Initial cloud-init job (pre-networking).
[[0;32m  OK  [0m] Reached target Network (Pre).
         Starting Network Service...
[[0;32m  OK  [0m] Started Network Service.
         Starting Wait for Network to be Configured...
         Starting Network Name Resolution...
[[0;32m  OK  [0m] Started Network Name Resolution.
[[0;32m  OK  [0m] Reached target Network.
[[0;32m  OK  [0m] Reached target Host and Network Name Lookups.
[[0;32m  OK  [0m] Started Wait for Network to be Configured.
         Starting Initial cloud-init job (metadata service crawler)...
[   34.037490] cloud-init[663]: Cloud-init v. 20.4.1-0ubuntu1~18.04.1 running 'init' at Mon, 12 Apr 2021 06:02:32 +0000. Up 33.57 seconds.
[   34.051499] cloud-init[663]: ci-info: ++++++++++++++++++++++++++++++++++++++Net device info++++++++++++++++++++++++++++++++++++++
[   34.064620] cloud-init[663]: ci-info: +--------+------+----------------------------+---------------+--------+-------------------+
[   34.078640] cloud-init[663]: ci-info: | Device |  Up  |          Address           |      Mask     | Scope  |     Hw-Address    |
[   34.091905] cloud-init[663]: ci-info: +--------+------+----------------------------+---------------+--------+-------------------+
[   34.104899] cloud-init[663]: ci-info: | enp0s3 | True |         10.0.2.15          | 255.255.255.0 | global | 02:83:9b:e2:a0:bc |
[   34.117214] cloud-init[663]: ci-info: | enp0s3 | True | fe80::83:9bff:fee2:a0bc/64 |       .       |  link  | 02:83:9b:e2:a0:bc |
[   34.131484] cloud-init[663]: ci-info: |   lo   | True |         127.0.0.1          |   255.0.0.0   |  host  |         .         |
[   34.145395] cloud-init[663]: ci-info: |   lo   | True |          ::1/128           |       .       |  host  |         .         |
[   34.157835] cloud-init[663]: ci-info: +--------+------+----------------------------+---------------+--------+-------------------+
[   34.171705] cloud-init[663]: ci-info: ++++++++++++++++++++++++++++Route IPv4 info+++++++++++++++++++++++++++++
[   34.184166] cloud-init[663]: ci-info: +-------+-------------+----------+-----------------+-----------+-------+
[   34.195856] cloud-init[663]: ci-info: | Route | Destination | Gateway  |     Genmask     | Interface | Flags |
[   34.206253] cloud-init[663]: ci-info: +-------+-------------+----------+-----------------+-----------+-------+
[   34.218076] cloud-init[663]: ci-info: |   0   |   0.0.0.0   | 10.0.2.2 |     0.0.0.0     |   enp0s3  |   UG  |
[   34.229580] cloud-init[663]: ci-info: |   1   |   10.0.2.0  | 0.0.0.0  |  255.255.255.0  |   enp0s3  |   U   |
[   34.240007] cloud-init[663]: ci-info: |   2   |   10.0.2.2  | 0.0.0.0  | 255.255.255.255 |   enp0s3  |   UH  |
[   34.250985] cloud-init[663]: ci-info: +-------+-------------+----------+-----------------+-----------+-------+
[   34.261342] cloud-init[663]: ci-info: +++++++++++++++++++Route IPv6 info+++++++++++++++++++
[   34.271355] cloud-init[663]: ci-info: +-------+-------------+---------+-----------+-------+
[   34.282082] cloud-init[663]: ci-info: | Route | Destination | Gateway | Interface | Flags |
[   34.291782] cloud-init[663]: ci-info: +-------+-------------+---------+-----------+-------+
[   34.298392] cloud-init[663]: ci-info: |   1   |  fe80::/64  |    ::   |   enp0s3  |   U   |
[   34.302718] cloud-init[663]: ci-info: |   3   |    local    |    ::   |   enp0s3  |   U   |
[   34.307504] cloud-init[663]: ci-info: |   4   |   ff00::/8  |    ::   |   enp0s3  |   U   |
[   34.311089] cloud-init[663]: ci-info: +-------+-------------+---------+-----------+-------+
[   36.718844] cloud-init[663]: Generating public/private rsa key pair.
[   36.735467] cloud-init[663]: Your identification has been saved in /etc/ssh/ssh_host_rsa_key.
[   36.754979] cloud-init[663]: Your public key has been saved in /etc/ssh/ssh_host_rsa_key.pub.
[   36.775371] cloud-init[663]: The key fingerprint is:
[   36.790150] cloud-init[663]: SHA256:3dIqWDXmTxoSmx6xmJt2koh9oA7mv7UVRgvwj765HzY root@ubuntu-bionic
[   36.810805] cloud-init[663]: The key's randomart image is:
[   36.823215] cloud-init[663]: +---[RSA 2048]----+
[   36.832871] [[0;32m  OK  [0m] Started Initial cloud-init job (metadata service crawler).
[[0;32m  OK  [0m] Reached target System Initialization.
[[0;32m  OK  [0m] Started Message of the Day.
[[0;32m  OK  [0m] Listening on UUID daemon activation socket.
[[0;32m  OK  [0m] Listening on ACPID Listen Socket.
[[0;32m  OK  [0m] Started Daily Cleanup of Temporary Directories.
[[0;32m  OK  [0m] Started Daily apt download activities.
[[0;32m  OK  [0m] Started Daily apt upgrade and clean activities.
[[0;32m  OK  [0m] Listening on Open-iSCSI iscsid Socket.
cloud-init[663]: |   .             |
         Starting LXD - unix socket.
[   36.875558] cloud-init[663]: |    o            |
[   36.882827] cloud-init[[0;32m  OK  [0m] Started ACPI Events Check.
[[0;32m  OK  [0m] Started Discard unused blocks once a week.
[[0;32m  OK  [0m] Reached target Timers.
[[0;32m  OK  [0m] Listening on D-Bus System Message Bus Socket.
[[0;32m  OK  [0m] Reached target Paths.
         Starting Socket activation for snappy daemon.
[[0;32m  OK  [0m] Reached target Network is Online.
         Starting Availability of block devices...
[[0;32m  OK  [0m] Reached target Remote File Systems (Pre).
[[0;32m  OK  [0m] Reached target Remote File Systems.
[[0;32m  OK  [0m] Reached target Cloud-config availability.
[[0;32m  OK  [0m] Listening on LXD - unix socket.
[[0;32m  OK  [0m] Listening on Socket activation for snappy daemon.
[[0;32m  OK  [0m] Reached target Sockets.
[[0;32m  OK  [0m] Reached target Basic System.
[[0;32m  OK  [0m] Started Regular background program processing daemon.
[[0;32m  OK  [0m] Started FUSE filesystem for LXC.
         Starting Accounts Service...
         Starting Dispatcher daemon for systemd-networkd...
         Starting LXD - container startup/shutdown...
[663]:          Starting Permit User Sessions...
         Starting System Logging Service...
|     o .o +      |
[[0;32m  OK  [0m] Started D-Bus System Message Bus.
[   37.042026] cloud-init[663]: |      =o.@ +     |
[   37.075104] cloud-init[663]: |    ..o=S = +    |
[   37.095858] cloud-init[663]: |   +.o.B.o B     |
[   37.106954] cloud-init[663]: |..o ooOE+ o .    |
[   37.117216] cloud-init[663]: |oo  .o*oo.       |
[   37.123456] cloud-init[663]: | .oo.=o.         |
[   37.133850] cloud-init[663]: +----[SHA256]-----+
[   37.145173] cloud-init[663]: Generating public/private dsa key pair.
[   37.153661] cloud-init[663]: Your identification has been saved in /etc/ssh/ssh_host_dsa_key.
[   37.166729] cloud-init[663]: Your public key has been saved in /etc/ssh/ssh_host_dsa_key.pub.
[   37.175680] cloud-init[663]: The key fingerprint is:
[   37.183573] cloud-init[663]: SHA256:sMWJMzGtcE1g81fIzCK6278YvRsxf9HeA5kdVMc1Uhk root@ubuntu-bionic
[   37.194293] cloud-init[663]: The key's randomart image is:
[   37.202442] cloud-init[663]: +---[DSA 1024]----+
[   37.209865] cloud-init[663]: |      *=.+ ....EO|
[   37.217675] cloud-init[663]: |    ..oB+.=.  o.+|
[   37.224661] cloud-init[663]: |     +=o=..    . |
[   37.236448] cloud-init[663]: |    . .* .   .+ .|
[   37.247034] cloud-init[663]: |     .. S   .+.. |
[   37.255252] cloud-init[663]: |    .  . +   o.. |
[   37.278904] cloud-init[663]: |     o. o . . ...|
[   37.303155] cloud-init[663]: |    . .o o .    .|         Starting Pollinate to seed the pseudo random number generator...
[[0;32m  OK  [0m] Started Deferred execution scheduler.

[   37.341020]          Starting LSB: automatic crash report generation...
cloud-init[663]:          Starting Login Service...
         Starting Virtualbox guest utils...
|      ..=o       |
[   37.449647] cloud-init[663]: +----[SHA256]-----+
[   37.483117] cloud-init[[0;32m  OK  [0m] Started irqbalance daemon.
         Starting LSB: Record successful boot for GRUB...
[663]: Generating public/private ecdsa key pair.
[   37.551892] cloud-init         Starting Snap Daemon...
[[0;32m  OK  [0m] Started System Logging Service.
[[0;32m  OK  [0m] Started Availability of block devices.
[[0;32m  OK  [0m] Started Permit User Sessions.
[663]: Your identification has been saved in /etc/ssh/ssh_host_ecdsa_key.
[   37.605044] cloud-init[663]: Your public key has been saved in /etc/ssh/ssh_host_ecdsa_key.pub.
[   37.621085] cloud-init[663]: The key fingerprint is:
[   37.636930] cloud-init[663]: SHA256:ChRWlJwdppuvXXXCa7M3kR7xRI02pfR91mtbtuJ/7Bw root@ubuntu-bionic
[   37.665524] cloud-init[663]: The key's randomart image is:
[   37.694968] cloud-init[663]: +---[ECDSA 256]---+
[   37.737284] cloud-init         Starting Authorization Manager...
[663]: |    o+o+o.    .oo|         Starting Hold until boot process finishes up...
         Starting Terminate Plymouth Boot Screen...

[[0;32m  OK  [0m] Started Terminate Plymouth Boot Screen.
[   37.859034] [[0;32m  OK  [0m] Started Hold until boot process finishes up.
         Starting Set console scheme...
[[0;32m  OK  [0m] Started Serial Getty on ttyS0.
cloud-init[663]: |   . .+o.    .+o=|
[   37.971767] cloud-init[663]: |    . .      ..o*|[[0;32m  OK  [0m] Started Login Service.

[[0;32m  OK  [0m] Started Unattended Upgrades Shutdown.
[   37.991997] cloud-init[663]: |   .   o   .  ..+|
[   37.999463] cloud-init[663]: |    . o S   + .Bo|
[   38.005929] [[0;32m  OK  [0m] Started Set console scheme.
[[0;32m  OK  [0m] Created slice system-getty.slice.
[[0;32m  OK  [0m] Started Getty on tty1.
[[0;32m  OK  [0m] Reached target Login Prompts.
cloud-init[663]: |     . o   . +=.=|
[   38.064310] cloud-init[663]: |      . . . +o E |
[[0;32m  OK  [0m] Started Authorization Manager.
[   38.109623] cloud-init[663]: [[0;32m  OK  [0m] Started Accounts Service.
|       o . ..o=.+|
[   38.166171] cloud-init[663]: |      . .   .o.++|
[   38.175748] cloud-init[663]: +----[SHA256]-----+
[   38.182875] cloud-init[663]: Generating public/private ed25519 key pair.
[   38.193148] cloud-init[663]: Your identification has been saved in /etc/ssh/ssh_host_ed25519_key.
[   38.381450] cloud-init[[0;32m  OK  [0m] Started LSB: automatic crash report generation.
[663]: Your public key has been saved in /etc/ssh/ssh_host_ed25519_key.pub.
[[0;32m  OK  [0m] Started LSB: Record successful boot for GRUB.
[   38.474607] cloud-init[663]: The key fingerprint is:
[   38.545192] cloud-init[663]: SHA256:A2l5pVAsrVu1H+9BfB0dn4kwMir/anBuR6o3+dIX13c root@ubuntu-bionic
[   38.609142] cloud-init[663]: The key's randomart image is:
[   38.696074] cloud-init[663]: +--[ED25519 256]--+
[   38.755377] cloud-init[663]: |      .+.o.o   .o|
[   38.816632] cloud-init[663]: |      .++o+ o ..=|
[   38.849007] cloud-init[663]: |     .=+o. . o o+|
[   38.895390] cloud-init[663]: |     .+o. . . o o|
[   38.960480] cloud-init[663]: |       +S  . +.. |
[   38.988661] cloud-init[663]: |     ....o ...o.E|
[   39.019439] cloud-init[663]: |      + =.  o. .o|
[   39.066088] cloud-init[663]: |       X.o .  .  |
[   39.099376] cloud-init[663]: |     .=.=..      |
[[0;32m  OK  [0m] Started LXD - container startup/shutdown.
[   39.118502] cloud-init[663]: +----[SHA256]-----+
[[0;32m  OK  [0m] Started Virtualbox guest utils.
[[0;32m  OK  [0m] Started Dispatcher daemon for systemd-networkd.
[[0;32m  OK  [0m] Started Snap Daemon.
         Starting Wait until snapd is fully seeded...
[[0;32m  OK  [0m] Started Pollinate to seed the pseudo random number generator.
         Starting OpenBSD Secure Shell server...
[[0;32m  OK  [0m] Started OpenBSD Secure Shell server.
[[0;32m  OK  [0m] Created slice User Slice of vagrant.
         Starting User Manager for UID 1000...
[[0;32m  OK  [0m] Started Session 1 of user vagrant.
[[0;32m  OK  [0m] Started User Manager for UID 1000.

Ubuntu 18.04.5 LTS ubuntu-bionic ttyS0

ubuntu-bionic login: [   50.144400] cloud-init[1061]: Cloud-init v. 20.4.1-0ubuntu1~18.04.1 running 'modules:config' at Mon, 12 Apr 2021 06:02:44 +0000. Up 46.13 seconds.
ci-info: no authorized SSH keys fingerprints found for user ubuntu.
<14>Apr 12 06:02:51 ec2: 
<14>Apr 12 06:02:51 ec2: #############################################################
<14>Apr 12 06:02:51 ec2: -----BEGIN SSH HOST KEY FINGERPRINTS-----
<14>Apr 12 06:02:51 ec2: 1024 SHA256:sMWJMzGtcE1g81fIzCK6278YvRsxf9HeA5kdVMc1Uhk root@ubuntu-bionic (DSA)
<14>Apr 12 06:02:51 ec2: 256 SHA256:ChRWlJwdppuvXXXCa7M3kR7xRI02pfR91mtbtuJ/7Bw root@ubuntu-bionic (ECDSA)
<14>Apr 12 06:02:51 ec2: 256 SHA256:A2l5pVAsrVu1H+9BfB0dn4kwMir/anBuR6o3+dIX13c root@ubuntu-bionic (ED25519)
<14>Apr 12 06:02:51 ec2: 2048 SHA256:3dIqWDXmTxoSmx6xmJt2koh9oA7mv7UVRgvwj765HzY root@ubuntu-bionic (RSA)
<14>Apr 12 06:02:51 ec2: -----END SSH HOST KEY FINGERPRINTS-----
<14>Apr 12 06:02:51 ec2: #############################################################
-----BEGIN SSH HOST KEY KEYS-----
ecdsa-sha2-nistp256 AAAAE2VjZHNhLXNoYTItbmlzdHAyNTYAAAAIbmlzdHAyNTYAAABBBJiEsTVivvLZz3pwnSax58ErnPk65/vkyqDmqNjb7ou5G6PPMZPilCV7FdZizERoPoAgFPK7lhCSoj+NNyuxMiU= root@ubuntu-bionic
ssh-ed25519 AAAAC3NzaC1lZDI1NTE5AAAAIHazz7Q/VQKgMDjGgck3ULT76c1EKvLSRCzGigCaWGLf root@ubuntu-bionic
ssh-rsa AAAAB3NzaC1yc2EAAAADAQABAAABAQC4eTekjy7tzRptXMXPRLoeCfjVmwBiKAZ7dK7j9LelfEE66H5ylQz+emH/4wHK674MufGlUz7xUsoVSIDh/VQpQcIJAU4bmZclmtPp6VgwFuXPQkukicbNNHuTa47SfPt6jmO83EkUKyt4onTgPC152bBwOoGBLsH6VkzgqxyO/iDX5xJH5/AJhFAu8SZRPhA3dW939wmwJDMbvwuBJ8oNSxZsWxzoSwVFLORIoro/vO2IS0byg1pSpSACc4/8+JUJGUyax7zniU2XCwP7dq3JTAnNs2Yu8XmM+ACkF+gfCbyy+ByLNnps7H0y6gzerakLtnaG0QhLM51Zc903LHDD root@ubuntu-bionic
-----END SSH HOST KEY KEYS-----
[   52.642438] cloud-init[1200]: Cloud-init v. 20.4.1-0ubuntu1~18.04.1 running 'modules:final' at Mon, 12 Apr 2021 06:02:50 +0000. Up 52.03 seconds.
[   52.642787] cloud-init[1200]: ci-info: no authorized SSH keys fingerprints found for user ubuntu.
[   52.642998] cloud-init[1200]: Cloud-init v. 20.4.1-0ubuntu1~18.04.1 finished at Mon, 12 Apr 2021 06:02:51 +0000. Datasource DataSourceNoCloud [seed=/dev/sdb][dsmode=net].  Up 52.50 seconds
